#
# There is insufficient memory for the Java Runtime Environment to continue.
# Native memory allocation (mmap) failed to map 134217728 bytes. Error detail: G1 virtual space
# Possible reasons:
#   The system is out of physical RAM or swap space
#   This process is running with CompressedOops enabled, and the Java Heap may be blocking the growth of the native heap
# Possible solutions:
#   Reduce memory load on the system
#   Increase physical memory or swap space
#   Check if swap backing store is full
#   Decrease Java heap size (-Xmx/-Xms)
#   Decrease number of Java threads
#   Decrease Java thread stack sizes (-Xss)
#   Set larger code cache with -XX:ReservedCodeCacheSize=
#   JVM is running with Unscaled Compressed Oops mode in which the Java heap is
#     placed in the first 4GB address space. The Java Heap base address is the
#     maximum limit for the native heap growth. Please use -XX:HeapBaseMinAddress
#     to set the Java Heap base and to place the Java Heap above 4GB virtual address.
# This output file may be truncated or incomplete.
#
#  Out of Memory Error (os_windows.cpp:3614), pid=7500, tid=5288
#
# JRE version:  (17.0.13+11) (build )
# Java VM: OpenJDK 64-Bit Server VM (17.0.13+11-LTS, mixed mode, emulated-client, sharing, tiered, compressed oops, compressed class ptrs, g1 gc, windows-amd64)
# No core dump will be written. Minidumps are not enabled by default on client versions of Windows
#

---------------  S U M M A R Y ------------

Command Line: -XX:TieredStopAtLevel=1 com.erp.variety.VarietyApplication

Host: Intel(R) Core(TM) i5-6200U CPU @ 2.30GHz, 4 cores, 7G,  Windows 10 , 64 bit Build 19041 (10.0.19041.3636)
Time: Sun Dec 29 20:00:24 2024 Central America Standard Time elapsed time: 0.038221 seconds (0d 0h 0m 0s)

---------------  T H R E A D  ---------------

Current thread (0x000001d7db2a0790):  JavaThread "Unknown thread" [_thread_in_vm, id=5288, stack(0x000000b5ac600000,0x000000b5ac700000)]

Stack: [0x000000b5ac600000,0x000000b5ac700000]
Native frames: (J=compiled Java code, j=interpreted, Vv=VM code, C=native code)
V  [jvm.dll+0x680c19]
V  [jvm.dll+0x83888a]
V  [jvm.dll+0x83a34e]
V  [jvm.dll+0x83a9b3]
V  [jvm.dll+0x2481af]
V  [jvm.dll+0x67d959]
V  [jvm.dll+0x67242a]
V  [jvm.dll+0x30813b]
V  [jvm.dll+0x30f626]
V  [jvm.dll+0x35f94e]
V  [jvm.dll+0x35fb8f]
V  [jvm.dll+0x2df0ec]
V  [jvm.dll+0x2e0044]
V  [jvm.dll+0x80a04b]
V  [jvm.dll+0x36d6c1]
V  [jvm.dll+0x7e8975]
V  [jvm.dll+0x3f109f]
V  [jvm.dll+0x3f2c11]
C  [jli.dll+0x52ab]
C  [ucrtbase.dll+0x21bb2]
C  [KERNEL32.DLL+0x17344]
C  [ntdll.dll+0x526b1]


---------------  P R O C E S S  ---------------

Threads class SMR info:
_java_thread_list=0x00007ffc592d8f58, length=0, elements={
}

Java Threads: ( => current thread )

Other Threads:
  0x000001d7e7a21c60 GCTaskThread "GC Thread#0" [stack: 0x000000b5ac700000,0x000000b5ac800000] [id=10092]
  0x000001d7e7a326c0 ConcurrentGCThread "G1 Main Marker" [stack: 0x000000b5ac800000,0x000000b5ac900000] [id=7532]
  0x000001d7e7a32ef0 ConcurrentGCThread "G1 Conc#0" [stack: 0x000000b5ac900000,0x000000b5aca00000] [id=5216]

[error occurred during error reporting (printing all threads), id 0xc0000005, EXCEPTION_ACCESS_VIOLATION (0xc0000005) at pc=0x00007ffc58a8f827]

VM state: not at safepoint (not fully initialized)

VM Mutex/Monitor currently owned by a thread:  ([mutex/lock_event])
[0x000001d7db29ca40] Heap_lock - owner thread: 0x000001d7db2a0790

Heap address: 0x0000000081800000, size: 2024 MB, Compressed Oops mode: 32-bit

CDS archive(s) mapped at: [0x0000000000000000-0x0000000000000000-0x0000000000000000), size 0, SharedBaseAddress: 0x0000000800000000, ArchiveRelocationMode: 1.
Narrow klass base: 0x0000000000000000, Narrow klass shift: 0, Narrow klass range: 0x0

GC Precious Log:
<Empty>

Heap:
 garbage-first heap   total 0K, used 0K [0x0000000081800000, 0x0000000100000000)
  region size 1024K, 0 young (0K), 0 survivors (0K)

[error occurred during error reporting (printing heap information), id 0xc0000005, EXCEPTION_ACCESS_VIOLATION (0xc0000005) at pc=0x00007ffc58e79e69]

GC Heap History (0 events):
No events

Dll operation events (1 events):
Event: 0.022 Loaded shared library C:\Program Files\Amazon Corretto\jdk17.0.13_11\bin\java.dll

Deoptimization events (0 events):
No events

Classes loaded (0 events):
No events

Classes unloaded (0 events):
No events

Classes redefined (0 events):
No events

Internal exceptions (0 events):
No events

VM Operations (0 events):
No events

Memory protections (0 events):
No events

Nmethod flushes (0 events):
No events

Events (0 events):
No events


Dynamic libraries:
0x00007ff772fe0000 - 0x00007ff772fee000 	C:\Program Files\Amazon Corretto\jdk17.0.13_11\bin\java.exe
0x00007ffd043f0000 - 0x00007ffd045e8000 	C:\WINDOWS\SYSTEM32\ntdll.dll
0x00007ffd027b0000 - 0x00007ffd0286d000 	C:\WINDOWS\System32\KERNEL32.DLL
0x00007ffd01c40000 - 0x00007ffd01f36000 	C:\WINDOWS\System32\KERNELBASE.dll
0x00007ffd01fe0000 - 0x00007ffd020e0000 	C:\WINDOWS\System32\ucrtbase.dll
0x00007ffcfc920000 - 0x00007ffcfc937000 	C:\Program Files\Amazon Corretto\jdk17.0.13_11\bin\jli.dll
0x00007ffd02610000 - 0x00007ffd027af000 	C:\WINDOWS\System32\USER32.dll
0x00007ffd01b50000 - 0x00007ffd01b72000 	C:\WINDOWS\System32\win32u.dll
0x00007ffd02990000 - 0x00007ffd029bb000 	C:\WINDOWS\System32\GDI32.dll
0x00007ffd02270000 - 0x00007ffd02387000 	C:\WINDOWS\System32\gdi32full.dll
0x00007ffd01f40000 - 0x00007ffd01fdd000 	C:\WINDOWS\System32\msvcp_win.dll
0x00007ffcfc8f0000 - 0x00007ffcfc90b000 	C:\Program Files\Amazon Corretto\jdk17.0.13_11\bin\VCRUNTIME140.dll
0x00007ffcdbac0000 - 0x00007ffcdbd5a000 	C:\WINDOWS\WinSxS\amd64_microsoft.windows.common-controls_6595b64144ccf1df_6.0.19041.3636_none_60b6a03d71f818d5\COMCTL32.dll
0x00007ffd02570000 - 0x00007ffd0260e000 	C:\WINDOWS\System32\msvcrt.dll
0x00007ffd02d30000 - 0x00007ffd02d62000 	C:\WINDOWS\System32\IMM32.DLL
0x00007ffd01560000 - 0x00007ffd01657000 	C:\Windows\system32\guard64.dll
0x00007ffd028e0000 - 0x00007ffd02990000 	C:\WINDOWS\System32\ADVAPI32.dll
0x00007ffd04300000 - 0x00007ffd043a0000 	C:\WINDOWS\System32\sechost.dll
0x00007ffd030d0000 - 0x00007ffd031f3000 	C:\WINDOWS\System32\RPCRT4.dll
0x00007ffd02240000 - 0x00007ffd02267000 	C:\WINDOWS\System32\bcrypt.dll
0x00007ffd01550000 - 0x00007ffd0155a000 	C:\WINDOWS\system32\version.dll
0x00007ffd032b0000 - 0x00007ffd033db000 	C:\WINDOWS\System32\ole32.dll
0x00007ffd02d70000 - 0x00007ffd030c3000 	C:\WINDOWS\System32\combase.dll
0x00007ffd01540000 - 0x00007ffd0154b000 	C:\WINDOWS\system32\fltlib.dll
0x00007ffd03a00000 - 0x00007ffd0416b000 	C:\WINDOWS\System32\shell32.dll
0x00007ffd04170000 - 0x00007ffd0421d000 	C:\WINDOWS\System32\shcore.dll
0x00007ffcfc8e0000 - 0x00007ffcfc8ec000 	C:\Program Files\Amazon Corretto\jdk17.0.13_11\bin\vcruntime140_1.dll
0x00007ffcfc850000 - 0x00007ffcfc8dd000 	C:\Program Files\Amazon Corretto\jdk17.0.13_11\bin\msvcp140.dll
0x00007ffc587a0000 - 0x00007ffc5940c000 	C:\Program Files\Amazon Corretto\jdk17.0.13_11\bin\server\jvm.dll
0x00007ffd02a90000 - 0x00007ffd02afb000 	C:\WINDOWS\System32\WS2_32.dll
0x00007ffd016e0000 - 0x00007ffd0172b000 	C:\WINDOWS\SYSTEM32\POWRPROF.dll
0x00007ffcec900000 - 0x00007ffcec927000 	C:\WINDOWS\SYSTEM32\WINMM.dll
0x00007ffd016c0000 - 0x00007ffd016d2000 	C:\WINDOWS\SYSTEM32\UMPDC.dll
0x00007ffd00190000 - 0x00007ffd001a2000 	C:\WINDOWS\SYSTEM32\kernel.appcore.dll
0x00007ffcfc840000 - 0x00007ffcfc84a000 	C:\Program Files\Amazon Corretto\jdk17.0.13_11\bin\jimage.dll
0x00007ffcffcd0000 - 0x00007ffcffeb4000 	C:\WINDOWS\SYSTEM32\DBGHELP.DLL
0x00007ffcef030000 - 0x00007ffcef064000 	C:\WINDOWS\SYSTEM32\dbgcore.DLL
0x00007ffd02390000 - 0x00007ffd02412000 	C:\WINDOWS\System32\bcryptPrimitives.dll
0x00007ffcdb070000 - 0x00007ffcdb095000 	C:\Program Files\Amazon Corretto\jdk17.0.13_11\bin\java.dll

dbghelp: loaded successfully - version: 4.0.5 - missing functions: none
symbol engine: initialized successfully - sym options: 0x614 - pdb path: .;C:\Program Files\Amazon Corretto\jdk17.0.13_11\bin;C:\WINDOWS\SYSTEM32;C:\WINDOWS\WinSxS\amd64_microsoft.windows.common-controls_6595b64144ccf1df_6.0.19041.3636_none_60b6a03d71f818d5;C:\Program Files\Amazon Corretto\jdk17.0.13_11\bin\server

VM Arguments:
jvm_args: -XX:TieredStopAtLevel=1 
java_command: com.erp.variety.VarietyApplication
java_class_path (initial): C:\PROYECTOS JAVA\variety\target\classes;C:\Users\cesgv\.m2\repository\org\springframework\boot\spring-boot\3.4.1\spring-boot-3.4.1.jar;C:\Users\cesgv\.m2\repository\org\springframework\boot\spring-boot-autoconfigure\3.4.1\spring-boot-autoconfigure-3.4.1.jar;C:\Users\cesgv\.m2\repository\ch\qos\logback\logback-classic\1.5.12\logback-classic-1.5.12.jar;C:\Users\cesgv\.m2\repository\ch\qos\logback\logback-core\1.5.12\logback-core-1.5.12.jar;C:\Users\cesgv\.m2\repository\org\apache\logging\log4j\log4j-to-slf4j\2.24.3\log4j-to-slf4j-2.24.3.jar;C:\Users\cesgv\.m2\repository\org\apache\logging\log4j\log4j-api\2.24.3\log4j-api-2.24.3.jar;C:\Users\cesgv\.m2\repository\org\slf4j\jul-to-slf4j\2.0.16\jul-to-slf4j-2.0.16.jar;C:\Users\cesgv\.m2\repository\org\yaml\snakeyaml\2.3\snakeyaml-2.3.jar;C:\Users\cesgv\.m2\repository\com\fasterxml\jackson\core\jackson-databind\2.18.2\jackson-databind-2.18.2.jar;C:\Users\cesgv\.m2\repository\com\fasterxml\jackson\core\jackson-annotations\2.18.2\jackson-annotations-2.18.2.jar;C:\Users\cesgv\.m2\repository\com\fasterxml\jackson\core\jackson-core\2.18.2\jackson-core-2.18.2.jar;C:\Users\cesgv\.m2\repository\com\fasterxml\jackson\datatype\jackson-datatype-jdk8\2.18.2\jackson-datatype-jdk8-2.18.2.jar;C:\Users\cesgv\.m2\repository\com\fasterxml\jackson\datatype\jackson-datatype-jsr310\2.18.2\jackson-datatype-jsr310-2.18.2.jar;C:\Users\cesgv\.m2\repository\com\fasterxml\jackson\module\jackson-module-parameter-names\2.18.2\jackson-module-parameter-names-2.18.2.jar;C:\Users\cesgv\.m2\repository\org\springframework\spring-web\6.2.1\spring-web-6.2.1.jar;C:\Users\cesgv\.m2\repository\org\springframework\spring-beans\6.2.1\spring-beans-6.2.1.jar;C:\Users\cesgv\.m2\repository\io\micrometer\micrometer-observation\1.14.2\micrometer-observation-1.14.2.jar;C:\Users\cesgv\.m2\repository\io\micrometer\micrometer-commons\1.14.2\micrometer-commons-1.14.2.jar;C:\Users\cesgv\.m2\repository\org\springframework\spring-webmvc\6.2.1\sprin
Launcher Type: SUN_STANDARD

[Global flags]
     intx CICompilerCount                          = 3                                         {product} {ergonomic}
     uint ConcGCThreads                            = 1                                         {product} {ergonomic}
     uint G1ConcRefinementThreads                  = 4                                         {product} {ergonomic}
   size_t G1HeapRegionSize                         = 1048576                                   {product} {ergonomic}
    uintx GCDrainStackTargetSize                   = 64                                        {product} {ergonomic}
   size_t InitialHeapSize                          = 134217728                                 {product} {ergonomic}
   size_t MarkStackSize                            = 4194304                                   {product} {ergonomic}
   size_t MaxHeapSize                              = 2122317824                                {product} {ergonomic}
   size_t MinHeapDeltaBytes                        = 1048576                                   {product} {ergonomic}
   size_t MinHeapSize                              = 8388608                                   {product} {ergonomic}
    uintx NonProfiledCodeHeapSize                  = 0                                      {pd product} {ergonomic}
     bool ProfileInterpreter                       = false                                  {pd product} {command line}
    uintx ProfiledCodeHeapSize                     = 0                                      {pd product} {ergonomic}
   size_t SoftMaxHeapSize                          = 2122317824                             {manageable} {ergonomic}
     intx TieredStopAtLevel                        = 1                                         {product} {command line}
     bool UseCompressedClassPointers               = true                           {product lp64_product} {ergonomic}
     bool UseCompressedOops                        = true                           {product lp64_product} {ergonomic}
     bool UseG1GC                                  = true                                      {product} {ergonomic}
     bool UseLargePagesIndividualAllocation        = false                                  {pd product} {ergonomic}

Logging:
Log output configuration:
 #0: stdout all=warning uptime,level,tags
 #1: stderr all=off uptime,level,tags

Environment Variables:
JAVA_HOME=C:\Program Files\Amazon Corretto\jdk17.0.13_11
PATH=C:/Users/cesgv/.p2/pool/plugins/org.eclipse.justj.openjdk.hotspot.jre.full.win32.x86_64_23.0.1.v20241024-1700/jre/bin/server;C:/Users/cesgv/.p2/pool/plugins/org.eclipse.justj.openjdk.hotspot.jre.full.win32.x86_64_23.0.1.v20241024-1700/jre/bin;C:\Program Files\Amazon Corretto\jdk17.0.13_11\bin;C:\Program Files (x86)\Common Files\Oracle\Java\javapath;C:\Program Files\dotnet\;C:\Program Files\Java\jdk1.8.0_202\bin;C:\Program Files\nodejs\;C:\Program Files\Git\cmd;C:\Program Files (x86)\Microsoft SQL Server\150\Tools\Binn\;C:\Program Files\Microsoft SQL Server\150\Tools\Binn\;C:\Program Files\Microsoft SQL Server\Client SDK\ODBC\170\Tools\Binn\;C:\Program Files\Microsoft SQL Server\150\DTS\Binn\;C:\Program Files (x86)\Microsoft SQL Server\150\DTS\Binn\;C:\Program Files\Microsoft SQL Server\130\Tools\Binn\;C:\Program Files\SAP\SAP Business One\;C:\Users\cesgv\AppData\Local\Microsoft\WindowsApps;C:\Users\cesgv\AppData\Local\Programs\Microsoft VS Code\bin;C:\Users\cesgv\.dotnet\tools;C:\instantclient_19_12;C:\Users\cesgv\AppData\Roaming\npm;C:\Program Files\Azure Data Studio\bin;C:\Users\cesgv\AppData\Local\GitHubDesktop\bin;C:\Users\cesgv\Desktop;
USERNAME=Camilo
OS=Windows_NT
PROCESSOR_IDENTIFIER=Intel64 Family 6 Model 78 Stepping 3, GenuineIntel
TMP=C:\Users\cesgv\AppData\Local\Temp
TEMP=C:\Users\cesgv\AppData\Local\Temp



Periodic native trim disabled


---------------  S Y S T E M  ---------------

OS:
 Windows 10 , 64 bit Build 19041 (10.0.19041.3636)
OS uptime: 0 days 0:49 hours
Hyper-V role detected

CPU: total 4 (initial active 4) (2 cores per cpu, 2 threads per core) family 6 model 78 stepping 3 microcode 0xcc, cx8, cmov, fxsr, ht, mmx, 3dnowpref, sse, sse2, sse3, ssse3, sse4.1, sse4.2, popcnt, lzcnt, tsc, tscinvbit, avx, avx2, aes, erms, clmul, bmi1, bmi2, adx, fma, vzeroupper, clflush, clflushopt, hv
Processor Information for all 4 processors :
  Max Mhz: 2401, Current Mhz: 2401, Mhz Limit: 2401

Memory: 4k page, system-wide physical 8092M (226M free)
TotalPageFile size 10849M (AvailPageFile size 8M)
current process WorkingSet (physical memory assigned to process): 12M, peak: 12M
current process commit charge ("private bytes"): 48M, peak: 176M

vm_info: OpenJDK 64-Bit Server VM (17.0.13+11-LTS) for windows-amd64 JRE (17.0.13+11-LTS), built on Oct 10 2024 19:51:30 by "Administrator" with MS VC++ 16.10 / 16.11 (VS2019)

END.
